0 info it worked if it ends with ok
1 verbose cli [ 'node', '/usr/local/bin/npm', 'publish', './' ]
2 info using npm@2.5.1
3 info using node@v0.10.32
4 verbose publish [ './' ]
5 silly cache add args [ './', null ]
6 verbose cache add spec ./
7 silly cache add parsed spec { raw: './',
7 silly cache add   scope: null,
7 silly cache add   name: null,
7 silly cache add   rawSpec: './',
7 silly cache add   spec: '/home/thibault/dev/ctsJS',
7 silly cache add   type: 'directory' }
8 verbose addLocalDirectory /home/thibault/.npm/Capitains-Sparrow/1.0.0/package.tgz not in flight; packing
9 verbose tar pack [ '/home/thibault/.npm/Capitains-Sparrow/1.0.0/package.tgz',
9 verbose tar pack   '/home/thibault/dev/ctsJS' ]
10 verbose tarball /home/thibault/.npm/Capitains-Sparrow/1.0.0/package.tgz
11 verbose folder /home/thibault/dev/ctsJS
12 info prepublish Capitains-Sparrow@1.0.0
13 verbose addLocalTarball adding from inside cache /home/thibault/.npm/Capitains-Sparrow/1.0.0/package.tgz
14 silly cache afterAdd Capitains-Sparrow@1.0.0
15 verbose afterAdd /home/thibault/.npm/Capitains-Sparrow/1.0.0/package/package.json not in flight; writing
16 verbose afterAdd /home/thibault/.npm/Capitains-Sparrow/1.0.0/package/package.json written
17 silly publish { name: 'Capitains-Sparrow',
17 silly publish   description: 'Javascript abstractions and plugins for the CITE/CTS specification',
17 silly publish   version: '1.0.0',
17 silly publish   keywords: [ 'CITE', 'CTS', 'Perseus', 'API', 'Capitains' ],
17 silly publish   dependencies: { 'typeahead.js': '~0.10.5', jquery: '~2', handlebars: '2.0.0' },
17 silly publish   devDependencies:
17 silly publish    { grunt: '~0.4.1',
17 silly publish      'grunt-cli': '~0.1',
17 silly publish      'grunt-contrib-concat': '~0.1.2',
17 silly publish      'grunt-contrib-uglify': '~0.4.x',
17 silly publish      'grunt-contrib-jasmine': '~0.6.x',
17 silly publish      'grunt-karma': '~0.10',
17 silly publish      'grunt-jslint': '~1.1',
17 silly publish      'grunt-jsdoc': '~0.5',
17 silly publish      'grunt-markdown': '~0.7',
17 silly publish      'grunt-text-replace': '~0.4',
17 silly publish      'grunt-gh-pages': '~0.10',
17 silly publish      'grunt-release': '0.11.0',
17 silly publish      jasmine: '~2.2',
17 silly publish      'jasmine-ajax': '~2',
17 silly publish      'jasmine-jquery': '~2',
17 silly publish      'jasmine-expect': '~1',
17 silly publish      phantomjs: '~1.9',
17 silly publish      karma: '~0.12.0',
17 silly publish      'karma-jasmine': '~0.2.0',
17 silly publish      'karma-jasmine-jquery': '~0.1',
17 silly publish      'karma-phantomjs-launcher': '~0.1.4',
17 silly publish      'karma-firefox-launcher': '~0.1.4',
17 silly publish      'karma-chrome-launcher': '~0.1' },
17 silly publish   scripts: { test: 'grunt test', build: 'grunt build' },
17 silly publish   contributors:
17 silly publish    [ { name: 'Thibault Clérice',
17 silly publish        url: 'http://github.com/PonteIneptique' },
17 silly publish      { name: 'Bridget Almas', url: 'http://github.com/Balmas' } ],
17 silly publish   maintainers:
17 silly publish    [ { name: 'Thibault Clérice',
17 silly publish        url: 'http://github.com/PonteIneptique' },
17 silly publish      { name: 'PerseusDL', url: 'http://github.com/PerseusDL' } ],
17 silly publish   bugs: { url: 'https://github.com/PerseusDL/Capitains-Sparrow/issues' },
17 silly publish   repositories:
17 silly publish    [ { type: 'git',
17 silly publish        url: 'https://github.com/PerseusDL/Capitains-Sparrow.git' } ],
17 silly publish   licenses:
17 silly publish    [ { name: 'GNU GPL 3.0',
17 silly publish        url: 'http://www.gnu.org/copyleft/gpl.html' } ],
17 silly publish   homepage: 'http://perseusdl.github.io/Capitains-Sparrow/',
17 silly publish   readme: 'Capitains Sparrow \n===\n\n[![Build Status](https://travis-ci.org/PerseusDL/Capitains-Sparrow.svg)](https://travis-ci.org/PerseusDL/Capitains-Sparrow)\n\n# About\nThis software has been developed by @PerseusDL team to provide a simple and ready to use Javascript abstraction/implementation of the CTS norm. On the road leading to the CTS abstraction, we thought it might be nice to provide ready-to-use plugins for various uses and various libraries.\n\nTo build the compressed files, in a terminal, in the root of this repository:\n\n```shell\nnpm install\ngrunt build\n```\n\n# Plugins/Modules\n\n- [I18n plugin](./doc/i18n.md)\n\n# Integrated plugins and relevant documentation\n\n## Services\n\n- [LLT.Tokenizer](./doc/services/llt.tokenizer.md) : A Service implementation for the Latin Language Toolkit Tokenizer API (Support more than Latin language !)\n- [Add your own](./doc/services/new.md)\n\n## XSLT\n\n- [LLT.Segtok_to_tb](./doc/xslt/llt.segtok_to_tb.md) : An xslt which transform a tokenized output of LLT.Tokenizer to an OpenAnnotation Treebank XML layout\n- [Add your own](./doc/xslt/new.md)\n\n## jQuery\n\n- [jQuery.cts.selector](./doc/plugins/jquery.cts.selector.md) : A way to browse and construct an URN using `<select />`\n- [jQuery.cts.typeahead](./doc/plugins/jquery.cts.typeahead.md) : A way to search for an edition or translation\n- [jQuery.cts.service](./doc/plugins/jquery.cts.service.md) : A way to embed service parameters and form in your html\n- [jQuery.cts.xslt](./doc/plugins/jquery.cts.xslt.md) : A way to embed XSLT parameters and form in your html and transform the text',
17 silly publish   readmeFilename: 'README.md',
17 silly publish   gitHead: '56227bd93c18f0894105f2b7d33b6559064adabf',
17 silly publish   repository:
17 silly publish    { type: 'git',
17 silly publish      url: 'https://github.com/PerseusDL/Capitains-Sparrow.git' },
17 silly publish   _id: 'Capitains-Sparrow@1.0.0',
17 silly publish   _shasum: '282585782a7812165be2ac02f11c762f453d49fe',
17 silly publish   _from: '.' }
18 silly mapToRegistry name Capitains-Sparrow
19 silly mapToRegistry using default registry
20 silly mapToRegistry registry https://registry.npmjs.org/
21 silly mapToRegistry uri https://registry.npmjs.org/Capitains-Sparrow
22 verbose publish registryBase https://registry.npmjs.org/
23 silly publish uploading /home/thibault/.npm/Capitains-Sparrow/1.0.0/package.tgz
24 verbose stack Error: Invalid name: "Capitains-Sparrow"
24 verbose stack     at ensureValidName (/usr/local/lib/node_modules/npm/node_modules/normalize-package-data/lib/fixer.js:322:15)
24 verbose stack     at Object.module.exports.fixNameField (/usr/local/lib/node_modules/npm/node_modules/normalize-package-data/lib/fixer.js:211:5)
24 verbose stack     at CachingRegistryClient.publish (/usr/local/lib/node_modules/npm/node_modules/npm-registry-client/lib/publish.js:41:11)
24 verbose stack     at /usr/local/lib/node_modules/npm/lib/publish.js:135:14
24 verbose stack     at mapToRegistry (/usr/local/lib/node_modules/npm/lib/utils/map-to-registry.js:55:3)
24 verbose stack     at publish_ (/usr/local/lib/node_modules/npm/lib/publish.js:105:3)
24 verbose stack     at Array.1 (/usr/local/lib/node_modules/npm/node_modules/slide/lib/bind-actor.js:15:8)
24 verbose stack     at LOOP (/usr/local/lib/node_modules/npm/node_modules/slide/lib/chain.js:15:14)
24 verbose stack     at LOOP (/usr/local/lib/node_modules/npm/node_modules/slide/lib/chain.js:14:28)
24 verbose stack     at chain (/usr/local/lib/node_modules/npm/node_modules/slide/lib/chain.js:20:5)
25 verbose cwd /home/thibault/dev/ctsJS
26 error Linux 3.13.0-24-generic
27 error argv "node" "/usr/local/bin/npm" "publish" "./"
28 error node v0.10.32
29 error npm  v2.5.1
30 error Invalid name: "Capitains-Sparrow"
31 error If you need help, you may report this error at:
31 error     <http://github.com/npm/npm/issues>
32 verbose exit [ 1, true ]
